# JRE version: OpenJDK Runtime Environment Corretto-18.0.2.9.1 (18.0.2+9) (build 18.0.2+9-FR)
# Java VM: OpenJDK 64-Bit Server VM Corretto-18.0.2.9.1 (18.0.2+9-FR, mixed mode, sharing, tiered, compressed oops, compressed class ptrs, g1 gc, windows-amd64)
GC Precious Log:
 CardTable entry size: 512
 Card Set container configuration: InlinePtr #cards 4 size 8 Array Of Cards #cards 16 size 48 Howl #buckets 8 coarsen threshold 3686 Howl Bitmap #cards 512 size 80 coarsen threshold 460 Card regions per heap region 1 cards per card region 4096
 CPUs: 16 total, 16 available
 Memory: 16122M
 Large Page Support: Disabled
 NUMA Support: Disabled
 Compressed Oops: Enabled (Zero based)
 Heap Region Size: 2M
 Heap Min Capacity: 8M
 Heap Initial Capacity: 252M
 Heap Max Capacity: 4032M
 Pre-touch: Disabled
 Parallel Workers: 13
 Concurrent Workers: 3
 Concurrent Refinement Workers: 13
 Periodic GC: Disabled
Heap:
 garbage-first heap   total 258048K, used 124456K [0x0000000704000000, 0x0000000800000000)
  region size 2048K, 10 young (20480K), 1 survivors (2048K)
 Metaspace       used 7376K, committed 7552K, reserved 1114112K
  class space    used 320K, committed 448K, reserved 1048576K
GC Heap History (14 events):
Event: 0.525 GC heap before
{Heap before GC invocations=0 (full 0):
 garbage-first heap   total 258048K, used 22528K [0x0000000704000000, 0x0000000800000000)
  region size 2048K, 11 young (22528K), 0 survivors (0K)
 Metaspace       used 6059K, committed 6272K, reserved 1114112K
  class space    used 294K, committed 384K, reserved 1048576K
}
Event: 0.529 GC heap after
{Heap after GC invocations=1 (full 0):
 garbage-first heap   total 258048K, used 6369K [0x0000000704000000, 0x0000000800000000)
  region size 2048K, 2 young (4096K), 2 survivors (4096K)
 Metaspace       used 6059K, committed 6272K, reserved 1114112K
  class space    used 294K, committed 384K, reserved 1048576K
}
Event: 0.855 GC heap before
{Heap before GC invocations=1 (full 0):
 garbage-first heap   total 258048K, used 32993K [0x0000000704000000, 0x0000000800000000)
  region size 2048K, 16 young (32768K), 2 survivors (4096K)
 Metaspace       used 6159K, committed 6336K, reserved 1114112K
  class space    used 294K, committed 384K, reserved 1048576K
}
Event: 0.862 GC heap after
{Heap after GC invocations=2 (full 0):
 garbage-first heap   total 258048K, used 20554K [0x0000000704000000, 0x0000000800000000)
  region size 2048K, 2 young (4096K), 2 survivors (4096K)
 Metaspace       used 6159K, committed 6336K, reserved 1114112K
  class space    used 294K, committed 384K, reserved 1048576K
}
Event: 1.589 GC heap before
{Heap before GC invocations=2 (full 0):
 garbage-first heap   total 258048K, used 53322K [0x0000000704000000, 0x0000000800000000)
  region size 2048K, 18 young (36864K), 2 survivors (4096K)
 Metaspace       used 6536K, committed 6720K, reserved 1114112K
  class space    used 319K, committed 448K, reserved 1048576K
}
Event: 1.597 GC heap after
{Heap after GC invocations=3 (full 0):
 garbage-first heap   total 258048K, used 32628K [0x0000000704000000, 0x0000000800000000)
  region size 2048K, 3 young (6144K), 3 survivors (6144K)
 Metaspace       used 6536K, committed 6720K, reserved 1114112K
  class space    used 319K, committed 448K, reserved 1048576K
}
Event: 2.036 GC heap before
{Heap before GC invocations=3 (full 0):
 garbage-first heap   total 258048K, used 73588K [0x0000000704000000, 0x0000000800000000)
  region size 2048K, 24 young (49152K), 3 survivors (6144K)
 Metaspace       used 6552K, committed 6784K, reserved 1114112K
  class space    used 319K, committed 448K, reserved 1048576K
}
Event: 2.050 GC heap after
{Heap after GC invocations=4 (full 0):
 garbage-first heap   total 258048K, used 56681K [0x0000000704000000, 0x0000000800000000)
  region size 2048K, 3 young (6144K), 3 survivors (6144K)
 Metaspace       used 6552K, committed 6784K, reserved 1114112K
  class space    used 319K, committed 448K, reserved 1048576K
}
Event: 7.613 GC heap before
{Heap before GC invocations=4 (full 0):
 garbage-first heap   total 258048K, used 169321K [0x0000000704000000, 0x0000000800000000)
  region size 2048K, 59 young (120832K), 3 survivors (6144K)
 Metaspace       used 6985K, committed 7232K, reserved 1114112K
  class space    used 320K, committed 448K, reserved 1048576K
}
Event: 7.632 GC heap after
{Heap after GC invocations=5 (full 0):
 garbage-first heap   total 258048K, used 104448K [0x0000000704000000, 0x0000000800000000)
  region size 2048K, 8 young (16384K), 8 survivors (16384K)
 Metaspace       used 6985K, committed 7232K, reserved 1114112K
  class space    used 320K, committed 448K, reserved 1048576K
}
Event: 14.832 GC heap before
{Heap before GC invocations=5 (full 0):
 garbage-first heap   total 258048K, used 155648K [0x0000000704000000, 0x0000000800000000)
  region size 2048K, 33 young (67584K), 8 survivors (16384K)
 Metaspace       used 7243K, committed 7424K, reserved 1114112K
  class space    used 320K, committed 448K, reserved 1048576K
}
Event: 14.836 GC heap after
{Heap after GC invocations=6 (full 0):
 garbage-first heap   total 258048K, used 109377K [0x0000000704000000, 0x0000000800000000)
  region size 2048K, 1 young (2048K), 1 survivors (2048K)
 Metaspace       used 7243K, committed 7424K, reserved 1114112K
  class space    used 320K, committed 448K, reserved 1048576K
}
Event: 23.135 GC heap before
{Heap before GC invocations=6 (full 0):
 garbage-first heap   total 258048K, used 166721K [0x0000000704000000, 0x0000000800000000)
  region size 2048K, 29 young (59392K), 1 survivors (2048K)
 Metaspace       used 7374K, committed 7552K, reserved 1114112K
  class space    used 320K, committed 448K, reserved 1048576K
}
Event: 23.136 GC heap after
{Heap after GC invocations=7 (full 0):
 garbage-first heap   total 258048K, used 108072K [0x0000000704000000, 0x0000000800000000)
  region size 2048K, 1 young (2048K), 1 survivors (2048K)
 Metaspace       used 7374K, committed 7552K, reserved 1114112K
  class space    used 320K, committed 448K, reserved 1048576K
}

