# JRE version: OpenJDK Runtime Environment Corretto-18.0.2.9.1 (18.0.2+9) (build 18.0.2+9-FR)
# Java VM: OpenJDK 64-Bit Server VM Corretto-18.0.2.9.1 (18.0.2+9-FR, mixed mode, sharing, tiered, compressed oops, compressed class ptrs, g1 gc, windows-amd64)
GC Precious Log:
 CardTable entry size: 512
 Card Set container configuration: InlinePtr #cards 4 size 8 Array Of Cards #cards 16 size 48 Howl #buckets 8 coarsen threshold 3686 Howl Bitmap #cards 512 size 80 coarsen threshold 460 Card regions per heap region 1 cards per card region 4096
 CPUs: 16 total, 16 available
 Memory: 16122M
 Large Page Support: Disabled
 NUMA Support: Disabled
 Compressed Oops: Enabled (Zero based)
 Heap Region Size: 2M
 Heap Min Capacity: 8M
 Heap Initial Capacity: 252M
 Heap Max Capacity: 4032M
 Pre-touch: Disabled
 Parallel Workers: 13
 Concurrent Workers: 3
 Concurrent Refinement Workers: 13
 Periodic GC: Disabled
Heap:
 garbage-first heap   total 258048K, used 117821K [0x0000000704000000, 0x0000000800000000)
  region size 2048K, 7 young (14336K), 1 survivors (2048K)
 Metaspace       used 7323K, committed 7552K, reserved 1114112K
  class space    used 320K, committed 448K, reserved 1048576K
GC Heap History (20 events):
Event: 0.853 GC heap before
{Heap before GC invocations=1 (full 0):
 garbage-first heap   total 258048K, used 32941K [0x0000000704000000, 0x0000000800000000)
  region size 2048K, 15 young (30720K), 2 survivors (4096K)
 Metaspace       used 6145K, committed 6336K, reserved 1114112K
  class space    used 294K, committed 384K, reserved 1048576K
}
Event: 0.860 GC heap after
{Heap after GC invocations=2 (full 0):
 garbage-first heap   total 258048K, used 19361K [0x0000000704000000, 0x0000000800000000)
  region size 2048K, 2 young (4096K), 2 survivors (4096K)
 Metaspace       used 6145K, committed 6336K, reserved 1114112K
  class space    used 294K, committed 384K, reserved 1048576K
}
Event: 1.643 GC heap before
{Heap before GC invocations=2 (full 0):
 garbage-first heap   total 258048K, used 50081K [0x0000000704000000, 0x0000000800000000)
  region size 2048K, 17 young (34816K), 2 survivors (4096K)
 Metaspace       used 6521K, committed 6720K, reserved 1114112K
  class space    used 319K, committed 448K, reserved 1048576K
}
Event: 1.653 GC heap after
{Heap after GC invocations=3 (full 0):
 garbage-first heap   total 258048K, used 32537K [0x0000000704000000, 0x0000000800000000)
  region size 2048K, 3 young (6144K), 3 survivors (6144K)
 Metaspace       used 6521K, committed 6720K, reserved 1114112K
  class space    used 319K, committed 448K, reserved 1048576K
}
Event: 2.088 GC heap before
{Heap before GC invocations=3 (full 0):
 garbage-first heap   total 258048K, used 71449K [0x0000000704000000, 0x0000000800000000)
  region size 2048K, 23 young (47104K), 3 survivors (6144K)
 Metaspace       used 6535K, committed 6784K, reserved 1114112K
  class space    used 319K, committed 448K, reserved 1048576K
}
Event: 2.101 GC heap after
{Heap after GC invocations=4 (full 0):
 garbage-first heap   total 258048K, used 53248K [0x0000000704000000, 0x0000000800000000)
  region size 2048K, 3 young (6144K), 3 survivors (6144K)
 Metaspace       used 6535K, committed 6784K, reserved 1114112K
  class space    used 319K, committed 448K, reserved 1048576K
}
Event: 7.579 GC heap before
{Heap before GC invocations=4 (full 0):
 garbage-first heap   total 258048K, used 178176K [0x0000000704000000, 0x0000000800000000)
  region size 2048K, 65 young (133120K), 3 survivors (6144K)
 Metaspace       used 6934K, committed 7168K, reserved 1114112K
  class space    used 320K, committed 448K, reserved 1048576K
}
Event: 7.596 GC heap after
{Heap after GC invocations=5 (full 0):
 garbage-first heap   total 258048K, used 103961K [0x0000000704000000, 0x0000000800000000)
  region size 2048K, 9 young (18432K), 9 survivors (18432K)
 Metaspace       used 6934K, committed 7168K, reserved 1114112K
  class space    used 320K, committed 448K, reserved 1048576K
}
Event: 16.276 GC heap before
{Heap before GC invocations=5 (full 0):
 garbage-first heap   total 258048K, used 159257K [0x0000000704000000, 0x0000000800000000)
  region size 2048K, 36 young (73728K), 9 survivors (18432K)
 Metaspace       used 7192K, committed 7424K, reserved 1114112K
  class space    used 320K, committed 448K, reserved 1048576K
}
Event: 16.284 GC heap after
{Heap after GC invocations=6 (full 0):
 garbage-first heap   total 258048K, used 109936K [0x0000000704000000, 0x0000000800000000)
  region size 2048K, 2 young (4096K), 2 survivors (4096K)
 Metaspace       used 7192K, committed 7424K, reserved 1114112K
  class space    used 320K, committed 448K, reserved 1048576K
}
Event: 23.737 GC heap before
{Heap before GC invocations=6 (full 0):
 garbage-first heap   total 258048K, used 167280K [0x0000000704000000, 0x0000000800000000)
  region size 2048K, 30 young (61440K), 2 survivors (4096K)
 Metaspace       used 7320K, committed 7552K, reserved 1114112K
  class space    used 320K, committed 448K, reserved 1048576K
}
Event: 23.738 GC heap after
{Heap after GC invocations=7 (full 0):
 garbage-first heap   total 258048K, used 108114K [0x0000000704000000, 0x0000000800000000)
  region size 2048K, 1 young (2048K), 1 survivors (2048K)
 Metaspace       used 7320K, committed 7552K, reserved 1114112K
  class space    used 320K, committed 448K, reserved 1048576K
}
Event: 34.203 GC heap before
{Heap before GC invocations=7 (full 0):
 garbage-first heap   total 258048K, used 177746K [0x0000000704000000, 0x0000000800000000)
  region size 2048K, 35 young (71680K), 1 survivors (2048K)
 Metaspace       used 7320K, committed 7552K, reserved 1114112K
  class space    used 320K, committed 448K, reserved 1048576K
}
Event: 34.204 GC heap after
{Heap after GC invocations=8 (full 0):
 garbage-first heap   total 258048K, used 107686K [0x0000000704000000, 0x0000000800000000)
  region size 2048K, 1 young (2048K), 1 survivors (2048K)
 Metaspace       used 7320K, committed 7552K, reserved 1114112K
  class space    used 320K, committed 448K, reserved 1048576K
}
Event: 45.063 GC heap before
{Heap before GC invocations=8 (full 0):
 garbage-first heap   total 258048K, used 183462K [0x0000000704000000, 0x0000000800000000)
  region size 2048K, 38 young (77824K), 1 survivors (2048K)
 Metaspace       used 7321K, committed 7552K, reserved 1114112K
  class space    used 320K, committed 448K, reserved 1048576K
}
Event: 45.064 GC heap after
{Heap after GC invocations=9 (full 0):
 garbage-first heap   total 258048K, used 107601K [0x0000000704000000, 0x0000000800000000)
  region size 2048K, 1 young (2048K), 1 survivors (2048K)
 Metaspace       used 7321K, committed 7552K, reserved 1114112K
  class space    used 320K, committed 448K, reserved 1048576K
}
Event: 57.242 GC heap before
{Heap before GC invocations=9 (full 0):
 garbage-first heap   total 258048K, used 189521K [0x0000000704000000, 0x0000000800000000)
  region size 2048K, 41 young (83968K), 1 survivors (2048K)
 Metaspace       used 7321K, committed 7552K, reserved 1114112K
  class space    used 320K, committed 448K, reserved 1048576K
}
Event: 57.243 GC heap after
{Heap after GC invocations=10 (full 0):
 garbage-first heap   total 258048K, used 107580K [0x0000000704000000, 0x0000000800000000)
  region size 2048K, 1 young (2048K), 1 survivors (2048K)
 Metaspace       used 7321K, committed 7552K, reserved 1114112K
  class space    used 320K, committed 448K, reserved 1048576K
}
Event: 68.917 GC heap before
{Heap before GC invocations=10 (full 0):
 garbage-first heap   total 258048K, used 195644K [0x0000000704000000, 0x0000000800000000)
  region size 2048K, 44 young (90112K), 1 survivors (2048K)
 Metaspace       used 7321K, committed 7552K, reserved 1114112K
  class space    used 320K, committed 448K, reserved 1048576K
}
Event: 68.918 GC heap after
{Heap after GC invocations=11 (full 0):
 garbage-first heap   total 258048K, used 107581K [0x0000000704000000, 0x0000000800000000)
  region size 2048K, 1 young (2048K), 1 survivors (2048K)
 Metaspace       used 7321K, committed 7552K, reserved 1114112K
  class space    used 320K, committed 448K, reserved 1048576K
}

