# JRE version: OpenJDK Runtime Environment Corretto-18.0.2.9.1 (18.0.2+9) (build 18.0.2+9-FR)
# Java VM: OpenJDK 64-Bit Server VM Corretto-18.0.2.9.1 (18.0.2+9-FR, mixed mode, sharing, tiered, compressed oops, compressed class ptrs, g1 gc, windows-amd64)
GC Precious Log:
 CardTable entry size: 512
 Card Set container configuration: InlinePtr #cards 4 size 8 Array Of Cards #cards 16 size 48 Howl #buckets 8 coarsen threshold 3686 Howl Bitmap #cards 512 size 80 coarsen threshold 460 Card regions per heap region 1 cards per card region 4096
 CPUs: 16 total, 16 available
 Memory: 16122M
 Large Page Support: Disabled
 NUMA Support: Disabled
 Compressed Oops: Enabled (Zero based)
 Heap Region Size: 2M
 Heap Min Capacity: 8M
 Heap Initial Capacity: 252M
 Heap Max Capacity: 4032M
 Pre-touch: Disabled
 Parallel Workers: 13
 Concurrent Workers: 3
 Concurrent Refinement Workers: 13
 Periodic GC: Disabled
Heap:
 garbage-first heap   total 258048K, used 143879K [0x0000000704000000, 0x0000000800000000)
  region size 2048K, 29 young (59392K), 9 survivors (18432K)
 Metaspace       used 7145K, committed 7424K, reserved 1114112K
  class space    used 320K, committed 448K, reserved 1048576K
GC Heap History (10 events):
Event: 0.545 GC heap before
{Heap before GC invocations=0 (full 0):
 garbage-first heap   total 258048K, used 20480K [0x0000000704000000, 0x0000000800000000)
  region size 2048K, 11 young (22528K), 0 survivors (0K)
 Metaspace       used 6047K, committed 6272K, reserved 1114112K
  class space    used 294K, committed 384K, reserved 1048576K
}
Event: 0.549 GC heap after
{Heap after GC invocations=1 (full 0):
 garbage-first heap   total 258048K, used 6317K [0x0000000704000000, 0x0000000800000000)
  region size 2048K, 2 young (4096K), 2 survivors (4096K)
 Metaspace       used 6047K, committed 6272K, reserved 1114112K
  class space    used 294K, committed 384K, reserved 1048576K
}
Event: 0.851 GC heap before
{Heap before GC invocations=1 (full 0):
 garbage-first heap   total 258048K, used 32941K [0x0000000704000000, 0x0000000800000000)
  region size 2048K, 15 young (30720K), 2 survivors (4096K)
 Metaspace       used 6147K, committed 6336K, reserved 1114112K
  class space    used 294K, committed 384K, reserved 1048576K
}
Event: 0.857 GC heap after
{Heap after GC invocations=2 (full 0):
 garbage-first heap   total 258048K, used 19794K [0x0000000704000000, 0x0000000800000000)
  region size 2048K, 2 young (4096K), 2 survivors (4096K)
 Metaspace       used 6147K, committed 6336K, reserved 1114112K
  class space    used 294K, committed 384K, reserved 1048576K
}
Event: 1.587 GC heap before
{Heap before GC invocations=2 (full 0):
 garbage-first heap   total 258048K, used 48466K [0x0000000704000000, 0x0000000800000000)
  region size 2048K, 17 young (34816K), 2 survivors (4096K)
 Metaspace       used 6523K, committed 6720K, reserved 1114112K
  class space    used 319K, committed 448K, reserved 1048576K
}
Event: 1.595 GC heap after
{Heap after GC invocations=3 (full 0):
 garbage-first heap   total 258048K, used 32768K [0x0000000704000000, 0x0000000800000000)
  region size 2048K, 3 young (6144K), 3 survivors (6144K)
 Metaspace       used 6523K, committed 6720K, reserved 1114112K
  class space    used 319K, committed 448K, reserved 1048576K
}
Event: 2.033 GC heap before
{Heap before GC invocations=3 (full 0):
 garbage-first heap   total 258048K, used 71680K [0x0000000704000000, 0x0000000800000000)
  region size 2048K, 23 young (47104K), 3 survivors (6144K)
 Metaspace       used 6540K, committed 6784K, reserved 1114112K
  class space    used 319K, committed 448K, reserved 1048576K
}
Event: 2.044 GC heap after
{Heap after GC invocations=4 (full 0):
 garbage-first heap   total 258048K, used 52925K [0x0000000704000000, 0x0000000800000000)
  region size 2048K, 3 young (6144K), 3 survivors (6144K)
 Metaspace       used 6540K, committed 6784K, reserved 1114112K
  class space    used 319K, committed 448K, reserved 1048576K
}
Event: 7.558 GC heap before
{Heap before GC invocations=4 (full 0):
 garbage-first heap   total 258048K, used 179901K [0x0000000704000000, 0x0000000800000000)
  region size 2048K, 66 young (135168K), 3 survivors (6144K)
 Metaspace       used 6936K, committed 7232K, reserved 1114112K
  class space    used 320K, committed 448K, reserved 1048576K
}
Event: 7.575 GC heap after
{Heap after GC invocations=5 (full 0):
 garbage-first heap   total 258048K, used 104967K [0x0000000704000000, 0x0000000800000000)
  region size 2048K, 9 young (18432K), 9 survivors (18432K)
 Metaspace       used 6936K, committed 7232K, reserved 1114112K
  class space    used 320K, committed 448K, reserved 1048576K
}

