# JRE version: OpenJDK Runtime Environment Corretto-18.0.2.9.1 (18.0.2+9) (build 18.0.2+9-FR)
# Java VM: OpenJDK 64-Bit Server VM Corretto-18.0.2.9.1 (18.0.2+9-FR, mixed mode, sharing, tiered, compressed oops, compressed class ptrs, g1 gc, windows-amd64)
GC Precious Log:
 CardTable entry size: 512
 Card Set container configuration: InlinePtr #cards 4 size 8 Array Of Cards #cards 16 size 48 Howl #buckets 8 coarsen threshold 3686 Howl Bitmap #cards 512 size 80 coarsen threshold 460 Card regions per heap region 1 cards per card region 4096
 CPUs: 16 total, 16 available
 Memory: 16122M
 Large Page Support: Disabled
 NUMA Support: Disabled
 Compressed Oops: Enabled (Zero based)
 Heap Region Size: 2M
 Heap Min Capacity: 8M
 Heap Initial Capacity: 252M
 Heap Max Capacity: 4032M
 Pre-touch: Disabled
 Parallel Workers: 13
 Concurrent Workers: 3
 Concurrent Refinement Workers: 13
 Periodic GC: Disabled
Heap:
 garbage-first heap   total 258048K, used 201776K [0x0000000704000000, 0x0000000800000000)
  region size 2048K, 74 young (151552K), 4 survivors (8192K)
 Metaspace       used 7327K, committed 7552K, reserved 1114112K
  class space    used 320K, committed 448K, reserved 1048576K
GC Heap History (20 events):
Event: 41.567 GC heap before
{Heap before GC invocations=6 (full 0):
 garbage-first heap   total 258048K, used 185786K [0x0000000704000000, 0x0000000800000000)
  region size 2048K, 65 young (133120K), 4 survivors (8192K)
 Metaspace       used 7324K, committed 7552K, reserved 1114112K
  class space    used 320K, committed 448K, reserved 1048576K
}
Event: 41.570 GC heap after
{Heap after GC invocations=7 (full 0):
 garbage-first heap   total 258048K, used 60859K [0x0000000704000000, 0x0000000800000000)
  region size 2048K, 4 young (8192K), 4 survivors (8192K)
 Metaspace       used 7324K, committed 7552K, reserved 1114112K
  class space    used 320K, committed 448K, reserved 1048576K
}
Event: 56.414 GC heap before
{Heap before GC invocations=7 (full 0):
 garbage-first heap   total 258048K, used 191931K [0x0000000704000000, 0x0000000800000000)
  region size 2048K, 68 young (139264K), 4 survivors (8192K)
 Metaspace       used 7324K, committed 7552K, reserved 1114112K
  class space    used 320K, committed 448K, reserved 1048576K
}
Event: 56.417 GC heap after
{Heap after GC invocations=8 (full 0):
 garbage-first heap   total 258048K, used 60882K [0x0000000704000000, 0x0000000800000000)
  region size 2048K, 4 young (8192K), 4 survivors (8192K)
 Metaspace       used 7324K, committed 7552K, reserved 1114112K
  class space    used 320K, committed 448K, reserved 1048576K
}
Event: 73.100 GC heap before
{Heap before GC invocations=8 (full 0):
 garbage-first heap   total 258048K, used 204242K [0x0000000704000000, 0x0000000800000000)
  region size 2048K, 74 young (151552K), 4 survivors (8192K)
 Metaspace       used 7324K, committed 7552K, reserved 1114112K
  class space    used 320K, committed 448K, reserved 1048576K
}
Event: 73.103 GC heap after
{Heap after GC invocations=9 (full 0):
 garbage-first heap   total 258048K, used 60404K [0x0000000704000000, 0x0000000800000000)
  region size 2048K, 4 young (8192K), 4 survivors (8192K)
 Metaspace       used 7324K, committed 7552K, reserved 1114112K
  class space    used 320K, committed 448K, reserved 1048576K
}
Event: 91.308 GC heap before
{Heap before GC invocations=9 (full 0):
 garbage-first heap   total 258048K, used 205812K [0x0000000704000000, 0x0000000800000000)
  region size 2048K, 75 young (153600K), 4 survivors (8192K)
 Metaspace       used 7324K, committed 7552K, reserved 1114112K
  class space    used 320K, committed 448K, reserved 1048576K
}
Event: 91.311 GC heap after
{Heap after GC invocations=10 (full 0):
 garbage-first heap   total 258048K, used 60271K [0x0000000704000000, 0x0000000800000000)
  region size 2048K, 4 young (8192K), 4 survivors (8192K)
 Metaspace       used 7324K, committed 7552K, reserved 1114112K
  class space    used 320K, committed 448K, reserved 1048576K
}
Event: 107.857 GC heap before
{Heap before GC invocations=10 (full 0):
 garbage-first heap   total 258048K, used 205679K [0x0000000704000000, 0x0000000800000000)
  region size 2048K, 75 young (153600K), 4 survivors (8192K)
 Metaspace       used 7324K, committed 7552K, reserved 1114112K
  class space    used 320K, committed 448K, reserved 1048576K
}
Event: 107.860 GC heap after
{Heap after GC invocations=11 (full 0):
 garbage-first heap   total 258048K, used 60293K [0x0000000704000000, 0x0000000800000000)
  region size 2048K, 4 young (8192K), 4 survivors (8192K)
 Metaspace       used 7324K, committed 7552K, reserved 1114112K
  class space    used 320K, committed 448K, reserved 1048576K
}
Event: 123.789 GC heap before
{Heap before GC invocations=11 (full 0):
 garbage-first heap   total 258048K, used 205701K [0x0000000704000000, 0x0000000800000000)
  region size 2048K, 75 young (153600K), 4 survivors (8192K)
 Metaspace       used 7324K, committed 7552K, reserved 1114112K
  class space    used 320K, committed 448K, reserved 1048576K
}
Event: 123.791 GC heap after
{Heap after GC invocations=12 (full 0):
 garbage-first heap   total 258048K, used 60635K [0x0000000704000000, 0x0000000800000000)
  region size 2048K, 4 young (8192K), 4 survivors (8192K)
 Metaspace       used 7324K, committed 7552K, reserved 1114112K
  class space    used 320K, committed 448K, reserved 1048576K
}
Event: 141.252 GC heap before
{Heap before GC invocations=12 (full 0):
 garbage-first heap   total 258048K, used 206043K [0x0000000704000000, 0x0000000800000000)
  region size 2048K, 75 young (153600K), 4 survivors (8192K)
 Metaspace       used 7324K, committed 7552K, reserved 1114112K
  class space    used 320K, committed 448K, reserved 1048576K
}
Event: 141.254 GC heap after
{Heap after GC invocations=13 (full 0):
 garbage-first heap   total 258048K, used 60411K [0x0000000704000000, 0x0000000800000000)
  region size 2048K, 4 young (8192K), 4 survivors (8192K)
 Metaspace       used 7324K, committed 7552K, reserved 1114112K
  class space    used 320K, committed 448K, reserved 1048576K
}
Event: 157.591 GC heap before
{Heap before GC invocations=13 (full 0):
 garbage-first heap   total 258048K, used 205819K [0x0000000704000000, 0x0000000800000000)
  region size 2048K, 75 young (153600K), 4 survivors (8192K)
 Metaspace       used 7324K, committed 7552K, reserved 1114112K
  class space    used 320K, committed 448K, reserved 1048576K
}
Event: 157.593 GC heap after
{Heap after GC invocations=14 (full 0):
 garbage-first heap   total 258048K, used 60227K [0x0000000704000000, 0x0000000800000000)
  region size 2048K, 4 young (8192K), 4 survivors (8192K)
 Metaspace       used 7324K, committed 7552K, reserved 1114112K
  class space    used 320K, committed 448K, reserved 1048576K
}
Event: 175.050 GC heap before
{Heap before GC invocations=14 (full 0):
 garbage-first heap   total 258048K, used 205635K [0x0000000704000000, 0x0000000800000000)
  region size 2048K, 75 young (153600K), 4 survivors (8192K)
 Metaspace       used 7324K, committed 7552K, reserved 1114112K
  class space    used 320K, committed 448K, reserved 1048576K
}
Event: 175.053 GC heap after
{Heap after GC invocations=15 (full 0):
 garbage-first heap   total 258048K, used 60282K [0x0000000704000000, 0x0000000800000000)
  region size 2048K, 4 young (8192K), 4 survivors (8192K)
 Metaspace       used 7324K, committed 7552K, reserved 1114112K
  class space    used 320K, committed 448K, reserved 1048576K
}
Event: 193.089 GC heap before
{Heap before GC invocations=15 (full 0):
 garbage-first heap   total 258048K, used 205690K [0x0000000704000000, 0x0000000800000000)
  region size 2048K, 75 young (153600K), 4 survivors (8192K)
 Metaspace       used 7324K, committed 7552K, reserved 1114112K
  class space    used 320K, committed 448K, reserved 1048576K
}
Event: 193.091 GC heap after
{Heap after GC invocations=16 (full 0):
 garbage-first heap   total 258048K, used 60464K [0x0000000704000000, 0x0000000800000000)
  region size 2048K, 4 young (8192K), 4 survivors (8192K)
 Metaspace       used 7324K, committed 7552K, reserved 1114112K
  class space    used 320K, committed 448K, reserved 1048576K
}

