# JRE version: OpenJDK Runtime Environment Corretto-18.0.2.9.1 (18.0.2+9) (build 18.0.2+9-FR)
# Java VM: OpenJDK 64-Bit Server VM Corretto-18.0.2.9.1 (18.0.2+9-FR, mixed mode, sharing, tiered, compressed oops, compressed class ptrs, g1 gc, windows-amd64)
GC Precious Log:
 CardTable entry size: 512
 Card Set container configuration: InlinePtr #cards 4 size 8 Array Of Cards #cards 16 size 48 Howl #buckets 8 coarsen threshold 3686 Howl Bitmap #cards 512 size 80 coarsen threshold 460 Card regions per heap region 1 cards per card region 4096
 CPUs: 16 total, 16 available
 Memory: 16122M
 Large Page Support: Disabled
 NUMA Support: Disabled
 Compressed Oops: Enabled (Zero based)
 Heap Region Size: 2M
 Heap Min Capacity: 8M
 Heap Initial Capacity: 252M
 Heap Max Capacity: 4032M
 Pre-touch: Disabled
 Parallel Workers: 13
 Concurrent Workers: 3
 Concurrent Refinement Workers: 13
 Periodic GC: Disabled
Heap:
 garbage-first heap   total 258048K, used 164194K [0x0000000704000000, 0x0000000800000000)
  region size 2048K, 30 young (61440K), 2 survivors (4096K)
 Metaspace       used 7319K, committed 7552K, reserved 1114112K
  class space    used 320K, committed 448K, reserved 1048576K
GC Heap History (12 events):
Event: 0.522 GC heap before
{Heap before GC invocations=0 (full 0):
 garbage-first heap   total 258048K, used 20480K [0x0000000704000000, 0x0000000800000000)
  region size 2048K, 11 young (22528K), 0 survivors (0K)
 Metaspace       used 6043K, committed 6272K, reserved 1114112K
  class space    used 294K, committed 384K, reserved 1048576K
}
Event: 0.526 GC heap after
{Heap after GC invocations=1 (full 0):
 garbage-first heap   total 258048K, used 6335K [0x0000000704000000, 0x0000000800000000)
  region size 2048K, 2 young (4096K), 2 survivors (4096K)
 Metaspace       used 6043K, committed 6272K, reserved 1114112K
  class space    used 294K, committed 384K, reserved 1048576K
}
Event: 0.839 GC heap before
{Heap before GC invocations=1 (full 0):
 garbage-first heap   total 258048K, used 30911K [0x0000000704000000, 0x0000000800000000)
  region size 2048K, 15 young (30720K), 2 survivors (4096K)
 Metaspace       used 6143K, committed 6272K, reserved 1114112K
  class space    used 294K, committed 384K, reserved 1048576K
}
Event: 0.847 GC heap after
{Heap after GC invocations=2 (full 0):
 garbage-first heap   total 258048K, used 19164K [0x0000000704000000, 0x0000000800000000)
  region size 2048K, 2 young (4096K), 2 survivors (4096K)
 Metaspace       used 6143K, committed 6272K, reserved 1114112K
  class space    used 294K, committed 384K, reserved 1048576K
}
Event: 1.592 GC heap before
{Heap before GC invocations=2 (full 0):
 garbage-first heap   total 258048K, used 47836K [0x0000000704000000, 0x0000000800000000)
  region size 2048K, 17 young (34816K), 2 survivors (4096K)
 Metaspace       used 6519K, committed 6720K, reserved 1114112K
  class space    used 319K, committed 448K, reserved 1048576K
}
Event: 1.601 GC heap after
{Heap after GC invocations=3 (full 0):
 garbage-first heap   total 258048K, used 32768K [0x0000000704000000, 0x0000000800000000)
  region size 2048K, 3 young (6144K), 3 survivors (6144K)
 Metaspace       used 6519K, committed 6720K, reserved 1114112K
  class space    used 319K, committed 448K, reserved 1048576K
}
Event: 2.020 GC heap before
{Heap before GC invocations=3 (full 0):
 garbage-first heap   total 258048K, used 71680K [0x0000000704000000, 0x0000000800000000)
  region size 2048K, 23 young (47104K), 3 survivors (6144K)
 Metaspace       used 6536K, committed 6784K, reserved 1114112K
  class space    used 319K, committed 448K, reserved 1048576K
}
Event: 2.031 GC heap after
{Heap after GC invocations=4 (full 0):
 garbage-first heap   total 258048K, used 52497K [0x0000000704000000, 0x0000000800000000)
  region size 2048K, 3 young (6144K), 3 survivors (6144K)
 Metaspace       used 6536K, committed 6784K, reserved 1114112K
  class space    used 319K, committed 448K, reserved 1048576K
}
Event: 8.597 GC heap before
{Heap before GC invocations=4 (full 0):
 garbage-first heap   total 258048K, used 181521K [0x0000000704000000, 0x0000000800000000)
  region size 2048K, 67 young (137216K), 3 survivors (6144K)
 Metaspace       used 6957K, committed 7232K, reserved 1114112K
  class space    used 320K, committed 448K, reserved 1048576K
}
Event: 8.616 GC heap after
{Heap after GC invocations=5 (full 0):
 garbage-first heap   total 258048K, used 104967K [0x0000000704000000, 0x0000000800000000)
  region size 2048K, 9 young (18432K), 9 survivors (18432K)
 Metaspace       used 6957K, committed 7232K, reserved 1114112K
  class space    used 320K, committed 448K, reserved 1048576K
}
Event: 16.168 GC heap before
{Heap before GC invocations=5 (full 0):
 garbage-first heap   total 258048K, used 160263K [0x0000000704000000, 0x0000000800000000)
  region size 2048K, 36 young (73728K), 9 survivors (18432K)
 Metaspace       used 7253K, committed 7488K, reserved 1114112K
  class space    used 320K, committed 448K, reserved 1048576K
}
Event: 16.173 GC heap after
{Heap after GC invocations=6 (full 0):
 garbage-first heap   total 258048K, used 108898K [0x0000000704000000, 0x0000000800000000)
  region size 2048K, 2 young (4096K), 2 survivors (4096K)
 Metaspace       used 7253K, committed 7488K, reserved 1114112K
  class space    used 320K, committed 448K, reserved 1048576K
}

